app/build/outputs/logs/manifest-merger-debug-report.txt
-- Merging decision tree log ---
manifest
ADDED from src/main/AndroidManifest.xml:2:1-47:12
	package
		ADDED from src/main/AndroidManifest.xml:3:11-42
		INJECTED from src/main/AndroidManifest.xml
		INJECTED from src/main/AndroidManifest.xml
	android:versionName
		ADDED from src/main/AndroidManifest.xml:5:11-38
		INJECTED from src/main/AndroidManifest.xml
		INJECTED from src/main/AndroidManifest.xml
	android:versionCode
		ADDED from src/main/AndroidManifest.xml:4:11-34
		INJECTED from src/main/AndroidManifest.xml
		INJECTED from src/main/AndroidManifest.xml
	xmlns:android
		ADDED from src/main/AndroidManifest.xml:2:11-69
uses-sdk
ADDED from src/main/AndroidManifest.xml:6:3-7:45
MERGED from [com.android.support:support-v4:23.1.1] AndroidManifest.xml:20:5-43
	android:targetSdkVersion
		ADDED from src/main/AndroidManifest.xml:7:13-42
		INJECTED from src/main/AndroidManifest.xml
		INJECTED from src/main/AndroidManifest.xml
	android:minSdkVersion
		ADDED from src/main/AndroidManifest.xml:6:13-39
		INJECTED from src/main/AndroidManifest.xml
		INJECTED from src/main/AndroidManifest.xml
uses-permission#android.permission.WAKE_LOCK
ADDED from src/main/AndroidManifest.xml:10:3-66
	android:name
		ADDED from src/main/AndroidManifest.xml:10:20-63
uses-permission#android.permission.ACCESS_FINE_LOCATION
ADDED from src/main/AndroidManifest.xml:13:3-77
	android:name
		ADDED from src/main/AndroidManifest.xml:13:20-74
uses-permission#android.permission.ACCESS_COARSE_LOCATION
ADDED from src/main/AndroidManifest.xml:14:3-79
	android:name
		ADDED from src/main/AndroidManifest.xml:14:20-76
uses-permission#android.permission.INTERNET
ADDED from src/main/AndroidManifest.xml:17:3-65
	android:name
		ADDED from src/main/AndroidManifest.xml:17:20-62
application
ADDED from src/main/AndroidManifest.xml:19:3-46:17
MERGED from [com.android.support:support-v4:23.1.1] AndroidManifest.xml:22:5-20
	android:label
		ADDED from src/main/AndroidManifest.xml:21:16-48
	android:allowBackup
		ADDED from src/main/AndroidManifest.xml:19:16-42
	android:icon
		ADDED from src/main/AndroidManifest.xml:20:16-52
	android:theme
		ADDED from src/main/AndroidManifest.xml:22:16-47
activity#au.com.codeka.weather.WeatherActivity
ADDED from src/main/AndroidManifest.xml:24:5-28:16
	android:name
		ADDED from src/main/AndroidManifest.xml:24:15-46
intent-filter#android.intent.category.LAUNCHER
ADDED from src/main/AndroidManifest.xml:25:7-27:23
category#android.intent.category.LAUNCHER
ADDED from src/main/AndroidManifest.xml:26:9-69
	android:name
		ADDED from src/main/AndroidManifest.xml:26:19-66
activity#au.com.codeka.weather.DebugActivity
ADDED from src/main/AndroidManifest.xml:30:5-33:16
	android:label
		ADDED from src/main/AndroidManifest.xml:31:15-59
	android:parentActivityName
		ADDED from src/main/AndroidManifest.xml:32:15-60
	android:name
		ADDED from src/main/AndroidManifest.xml:30:15-44
receiver#au.com.codeka.weather.WeatherAlarmReceiver
ADDED from src/main/AndroidManifest.xml:35:5-36:54
	android:process
		ADDED from src/main/AndroidManifest.xml:35:15-40
	android:name
		ADDED from src/main/AndroidManifest.xml:36:15-51
receiver#au.com.codeka.weather.WeatherWidgetProvider
ADDED from src/main/AndroidManifest.xml:38:5-45:16
	android:label
		ADDED from src/main/AndroidManifest.xml:39:15-47
	android:name
		ADDED from src/main/AndroidManifest.xml:38:15-52
intent-filter#android.appwidget.action.APPWIDGET_UPDATE
ADDED from src/main/AndroidManifest.xml:40:7-42:23
action#android.appwidget.action.APPWIDGET_UPDATE
ADDED from src/main/AndroidManifest.xml:41:9-76
	android:name
		ADDED from src/main/AndroidManifest.xml:41:17-73
meta-data#android.appwidget.provider
ADDED from src/main/AndroidManifest.xml:43:7-44:68
	android:resource
		ADDED from src/main/AndroidManifest.xml:44:18-65
	android:name
		ADDED from src/main/AndroidManifest.xml:43:18-59